<?xml version='1.0' encoding='UTF-8' ?>
<testsuites>
  <testsuite errors="0" failures="0" name="com.socialize.ui.test.CommentAdapterTest" package="com.socialize.ui.test" tests="7" time="0.101" timestamp="2011-08-28T14:40:01">
    <testcase classname="com.socialize.ui.test.CommentAdapterTest" name="testAndroidTestCaseSetupProperly" time="0.003" />
    <testcase classname="com.socialize.ui.test.CommentAdapterTest" name="testGetCountWithLoading" time="0.012" />
    <testcase classname="com.socialize.ui.test.CommentAdapterTest" name="testGetCountWithoutLoading" time="0.014" />
    <testcase classname="com.socialize.ui.test.CommentAdapterTest" name="testGetItemOutsideSize" time="0.012" />
    <testcase classname="com.socialize.ui.test.CommentAdapterTest" name="testGetItemWithinSize" time="0.051" />
    <testcase classname="com.socialize.ui.test.CommentAdapterTest" name="testIsDisplayLoadingFalse" time="0.007" />
    <testcase classname="com.socialize.ui.test.CommentAdapterTest" name="testIsDisplayLoadingTrue" time="0.002" />
    <properties />
    <system-out />
    <system-err />
  </testsuite>
</testsuites>