<?xml version='1.0' encoding='UTF-8' ?>
<testsuites>
  <testsuite errors="0" failures="0" name="com.sharethis.loopy.test.ApiClientIntegrationTest" package="com.sharethis.loopy.test" tests="61" time="23.669" timestamp="2013-12-11T19:35:04">
    <testcase classname="com.sharethis.loopy.test.ApiClientIntegrationTest" name="testClientTimeout" time="9.354" />
    <testcase classname="com.sharethis.loopy.test.ApiClientIntegrationTest" name="testInstall" time="0.306" />
    <testcase classname="com.sharethis.loopy.test.ApiClientIntegrationTest" name="testLog" time="0.304" />
    <testcase classname="com.sharethis.loopy.test.ApiClientIntegrationTest" name="testOpen" time="0.31" />
    <testcase classname="com.sharethis.loopy.test.ApiClientIntegrationTest" name="testReferrer" time="0.303" />
    <testcase classname="com.sharethis.loopy.test.ApiClientIntegrationTest" name="testShare" time="0.296" />
    <testcase classname="com.sharethis.loopy.test.ApiClientIntegrationTest" name="testShortlink" time="0.483" />
    <testcase classname="com.sharethis.loopy.test.ApiClientUnitTest" name="testInstall" time="0.133" />
    <testcase classname="com.sharethis.loopy.test.ApiClientUnitTest" name="testInstallError" time="0.067" />
    <testcase classname="com.sharethis.loopy.test.ApiClientUnitTest" name="testLog" time="0.01" />
    <testcase classname="com.sharethis.loopy.test.ApiClientUnitTest" name="testLogError" time="0.017" />
    <testcase classname="com.sharethis.loopy.test.ApiClientUnitTest" name="testLogNoState" time="0.01" />
    <testcase classname="com.sharethis.loopy.test.ApiClientUnitTest" name="testOpen" time="0.009" />
    <testcase classname="com.sharethis.loopy.test.ApiClientUnitTest" name="testOpenError" time="0.009" />
    <testcase classname="com.sharethis.loopy.test.ApiClientUnitTest" name="testOpenNoState" time="0.01" />
    <testcase classname="com.sharethis.loopy.test.ApiClientUnitTest" name="testReferrer" time="0.012" />
    <testcase classname="com.sharethis.loopy.test.ApiClientUnitTest" name="testReferrerError" time="0.01" />
    <testcase classname="com.sharethis.loopy.test.ApiClientUnitTest" name="testReferrerNoState" time="0.009" />
    <testcase classname="com.sharethis.loopy.test.ApiClientUnitTest" name="testShare" time="0.014" />
    <testcase classname="com.sharethis.loopy.test.ApiClientUnitTest" name="testShareError" time="0.01" />
    <testcase classname="com.sharethis.loopy.test.ApiClientUnitTest" name="testShareNoState" time="0.012" />
    <testcase classname="com.sharethis.loopy.test.ApiClientUnitTest" name="testShortlink" time="0.013" />
    <testcase classname="com.sharethis.loopy.test.AppDataCacheTest" name="testGetAppIcon" time="0.095" />
    <testcase classname="com.sharethis.loopy.test.AppDataCacheTest" name="testGetAppLabel" time="0.007" />
    <testcase classname="com.sharethis.loopy.test.AppDataCacheTest" name="testOnCreate" time="2.039" />
    <testcase classname="com.sharethis.loopy.test.AppUtilsTest" name="testGetAppsForContentType" time="0.03" />
    <testcase classname="com.sharethis.loopy.test.AppUtilsTest" name="testHasAndPermission" time="0.133" />
    <testcase classname="com.sharethis.loopy.test.AppUtilsTest" name="testHasOrPermission" time="0.009" />
    <testcase classname="com.sharethis.loopy.test.AppUtilsTest" name="testListAppsForType" time="0.129" />
    <testcase classname="com.sharethis.loopy.test.ConfigTest" name="testConfigLoadWithOverride" time="4.607" />
    <testcase classname="com.sharethis.loopy.test.ConfigTest" name="testConfigLoadWithoutOverride" time="0.156" />
    <testcase classname="com.sharethis.loopy.test.IOUtilsTest" name="testRead" time="0.011" />
    <testcase classname="com.sharethis.loopy.test.ItemTest" name="testEquals" time="0.158" />
    <testcase classname="com.sharethis.loopy.test.LoopyExceptionTest" name="testExceptionConstructors" time="0.009" />
    <testcase classname="com.sharethis.loopy.test.LoopyInstallTrackerTest" name="testInstallTrackerBroadcast" time="1.061" />
    <testcase classname="com.sharethis.loopy.test.LoopyInstallTrackerTest" name="testTrackInstallFail" time="0.032" />
    <testcase classname="com.sharethis.loopy.test.LoopyInstallTrackerTest" name="testTrackInstallSuccess" time="0.013" />
    <testcase classname="com.sharethis.loopy.test.LoopyStateTest" name="testSaveAndLoad" time="0.016" />
    <testcase classname="com.sharethis.loopy.test.LoopyTest" name="testDoShareDialog" time="1.872" />
    <testcase classname="com.sharethis.loopy.test.LoopyTest" name="testGetAppsList" time="0.009" />
    <testcase classname="com.sharethis.loopy.test.LoopyTest" name="testLifeCycle" time="0.08" />
    <testcase classname="com.sharethis.loopy.test.LoopyTest" name="testShare" time="0.029" />
    <testcase classname="com.sharethis.loopy.test.LoopyTest" name="testShareFromIntent" time="0.011" />
    <testcase classname="com.sharethis.loopy.test.LoopyTest" name="testShortlink" time="0.011" />
    <testcase classname="com.sharethis.loopy.test.LoopyTest" name="testStartCallsInstall" time="0.056" />
    <testcase classname="com.sharethis.loopy.test.LoopyTest" name="testStartCallsOpen" time="0.078" />
    <testcase classname="com.sharethis.loopy.test.LoopyTest" name="testStartDoesNotCallMultipleOpens" time="0.016" />
    <testcase classname="com.sharethis.loopy.test.LoopyTest" name="testStaticReportShare" time="0.012" />
    <testcase classname="com.sharethis.loopy.test.LoopyTest" name="testStaticReportShareFromIntent" time="0.017" />
    <testcase classname="com.sharethis.loopy.test.LoopyTest" name="testStaticSetApiKey" time="0.014" />
    <testcase classname="com.sharethis.loopy.test.LoopyTest" name="testStaticShortenWithItem" time="0.033" />
    <testcase classname="com.sharethis.loopy.test.LoopyTest" name="testStaticShortenWithUrl" time="0.016" />
    <testcase classname="com.sharethis.loopy.test.NetworkStateTest" name="testShortenReturnsWhenNoNetwork" time="0.074" />
    <testcase classname="com.sharethis.loopy.test.ResourceLocatorTest" name="testLocateInAssets" time="0.011" />
    <testcase classname="com.sharethis.loopy.test.ResourceLocatorTest" name="testLocateInClassPath" time="0.062" />
    <testcase classname="com.sharethis.loopy.test.SessionTest" name="testStart" time="0.016" />
    <testcase classname="com.sharethis.loopy.test.ShareClickListenerTest" name="testOnClick" time="0.8" />
    <testcase classname="com.sharethis.loopy.test.ShareDialogAdapterTest" name="testGetView" time="0.171" />
    <testcase classname="com.sharethis.loopy.test.ShortenCallbackTest" name="testOnError" time="0.049" />
    <testcase classname="com.sharethis.loopy.test.ShortenCallbackTest" name="testOnSuccess" time="0.014" />
    <testcase classname="com.sharethis.loopy.test.ShortenCallbackTest" name="testShowDialog" time="0.012" />
    <properties />
    <system-out />
    <system-err />
  </testsuite>
</testsuites>